<?xml version="1.0" encoding="UTF-8" ?>
<testsuite tests="4" failures="0" name="testpkg.AnimeCharTest" time="0.087" errors="0" skipped="2">
  <properties>
[...]
</properties>
  <testcase classname="testpkg.AnimeCharTest" name="testSetCharName" time="0.085">
    <skipped/>
  </testcase>
  <testcase classname="testpkg.AnimeCharTest" name="testGetCharName" time="0.001"/>
  <testcase classname="testpkg.AnimeCharTest" name="testGetAge" time="0"/>
  <testcase classname="testpkg.AnimeCharTest" name="testSetAge" time="0.001">
    <skipped/>
  </testcase>
</testsuite>